<?xml version="1.0" encoding="UTF-8"?>
<!-- Generated by org.testng.reporters.JUnitReportReporter -->
<testsuite skipped="0" hostname="DESKTOP-RU4DMU0" name="testNgpack.test4" tests="1" failures="0" timestamp="16 Jul 2020 19:17:55 GMT" time="22.751" errors="0">
  <testcase name="newYork" time="22.751" classname="testNgpack.test4"/>
</testsuite> <!-- testNgpack.test4 -->
