<?xml version="1.0" encoding="UTF-8"?>
<!-- Generated by org.testng.reporters.JUnitReportReporter -->
<testsuite skipped="0" hostname="DESKTOP-RU4DMU0" name="testNgpack.Parameter" tests="3" failures="0" timestamp="24 Jul 2020 00:27:16 GMT" time="8.863" errors="0">
  <testcase name="loginPage" time="5.759" classname="testNgpack.Parameter"/>
  <testcase name="homePageValidation" time="0.007" classname="testNgpack.Parameter"/>
  <testcase name="calenderPageValidation" time="3.097" classname="testNgpack.Parameter"/>
</testsuite> <!-- testNgpack.Parameter -->
