<?xml version="1.0" encoding="UTF-8"?>
<!-- Generated by org.testng.reporters.JUnitReportReporter -->
<testsuite skipped="0" hostname="DESKTOP-RU4DMU0" name="testNgpack.gtest" tests="8" failures="0" timestamp="21 Jul 2020 00:33:17 GMT" time="146.520" errors="0">
  <testcase name="evaMenu" time="15.508" classname="testNgpack.gtest"/>
  <testcase name="evaMenuClick" time="18.930" classname="testNgpack.gtest"/>
  <testcase name="guMenu" time="24.471" classname="testNgpack.gtest"/>
  <testcase name="guMenuClick" time="19.109" classname="testNgpack.gtest"/>
  <testcase name="bwlMenu" time="15.404" classname="testNgpack.gtest"/>
  <testcase name="bwlMenuClick" time="11.816" classname="testNgpack.gtest"/>
  <testcase name="naMenu" time="18.510" classname="testNgpack.gtest"/>
  <testcase name="naMenuClick" time="22.772" classname="testNgpack.gtest"/>
</testsuite> <!-- testNgpack.gtest -->
