<?xml version="1.0" encoding="UTF-8"?>
<!-- Generated by org.testng.reporters.JUnitReportReporter -->
<testsuite skipped="0" hostname="DESKTOP-RU4DMU0" name="Selenium.NewTest1" tests="1" failures="0" timestamp="07 Jun 2020 12:17:02 GMT" time="29.986" errors="0">
  <testcase name="f" time="29.986" classname="Selenium.NewTest1"/>
</testsuite> <!-- Selenium.NewTest1 -->
