<?xml version="1.0" encoding="UTF-8"?>
<!-- Generated by org.testng.reporters.JUnitReportReporter -->
<testsuite skipped="0" hostname="DESKTOP-RU4DMU0" name="Selenium.IndeedExample" tests="1" failures="0" timestamp="26 Jun 2020 21:50:26 GMT" time="14.423" errors="0">
  <testcase name="Indeed" time="14.423" classname="Selenium.IndeedExample"/>
</testsuite> <!-- Selenium.IndeedExample -->
