<?xml version="1.0" encoding="UTF-8"?>
<!-- Generated by org.testng.reporters.JUnitReportReporter -->
<testsuite skipped="0" hostname="DESKTOP-RU4DMU0" name="testNgpack.NewTest" tests="5" failures="0" timestamp="27 Jul 2020 11:51:27 GMT" time="199.503" errors="0">
  <testcase name="f" time="19.245" classname="testNgpack.NewTest"/>
  <testcase name="f" time="9.637" classname="testNgpack.NewTest"/>
  <testcase name="f" time="47.933" classname="testNgpack.NewTest"/>
  <testcase name="f" time="70.959" classname="testNgpack.NewTest"/>
  <testcase name="f" time="51.729" classname="testNgpack.NewTest"/>
</testsuite> <!-- testNgpack.NewTest -->
