<?xml version="1.0" encoding="UTF-8"?>
<!-- Generated by org.testng.reporters.JUnitReportReporter -->
<testsuite skipped="0" hostname="DESKTOP-RU4DMU0" name="testNgpack.DataProviderTest" tests="2" failures="0" timestamp="24 Jul 2020 00:27:16 GMT" time="46.422" errors="0">
  <testcase name="f" time="21.995" classname="testNgpack.DataProviderTest"/>
  <testcase name="f" time="24.427" classname="testNgpack.DataProviderTest"/>
</testsuite> <!-- testNgpack.DataProviderTest -->
