<?xml version="1.0" encoding="UTF-8"?>
<!-- Generated by org.testng.reporters.JUnitReportReporter -->
<testsuite skipped="0" hostname="DESKTOP-RU4DMU0" name="testNgpack.ActionwithOSandAofT" tests="1" failures="0" timestamp="28 Jul 2020 00:06:49 GMT" time="19.671" errors="0">
  <testcase name="f" time="19.671" classname="testNgpack.ActionwithOSandAofT"/>
</testsuite> <!-- testNgpack.ActionwithOSandAofT -->
