<?xml version="1.0" encoding="UTF-8"?>
<!-- Generated by org.testng.reporters.JUnitReportReporter -->
<testsuite skipped="0" hostname="DESKTOP-RU4DMU0" name="testNgpack.FreeCRMLoginPO" tests="4" failures="0" timestamp="27 Jul 2020 23:21:05 GMT" time="57.992" errors="0">
  <testcase name="f" time="11.679" classname="testNgpack.FreeCRMLoginPO"/>
  <testcase name="f" time="10.004" classname="testNgpack.FreeCRMLoginPO"/>
  <testcase name="f" time="12.235" classname="testNgpack.FreeCRMLoginPO"/>
  <testcase name="f" time="24.074" classname="testNgpack.FreeCRMLoginPO"/>
</testsuite> <!-- testNgpack.FreeCRMLoginPO -->
