<?xml version="1.0" encoding="UTF-8"?>
<!-- Generated by org.testng.reporters.JUnitReportReporter -->
<testsuite skipped="0" hostname="DESKTOP-RU4DMU0" name="testNgpack.DoubleClick" tests="1" failures="0" timestamp="30 Jul 2020 02:32:59 GMT" time="45.396" errors="0">
  <testcase name="f" time="45.396" classname="testNgpack.DoubleClick"/>
</testsuite> <!-- testNgpack.DoubleClick -->
