<?xml version="1.0" encoding="UTF-8"?>
<!-- Generated by org.testng.reporters.JUnitReportReporter -->
<testsuite skipped="0" hostname="DESKTOP-RU4DMU0" name="testNgpack.dgroup" tests="4" failures="0" timestamp="18 Jul 2020 12:45:14 GMT" time="0.031" errors="0">
  <testcase name="OpenBrowser" time="0.026" classname="testNgpack.dgroup"/>
  <testcase name="LogIn" time="0.002" classname="testNgpack.dgroup"/>
  <testcase name="CloseAccount" time="0.001" classname="testNgpack.dgroup"/>
  <testcase name="ViewAcc" time="0.002" classname="testNgpack.dgroup"/>
</testsuite> <!-- testNgpack.dgroup -->
