<?xml version="1.0" encoding="UTF-8"?>
<!-- Generated by org.testng.reporters.JUnitReportReporter -->
<testsuite skipped="0" hostname="DESKTOP-RU4DMU0" name="testNgpack.ArtofTestingOS" tests="1" failures="0" timestamp="30 Jul 2020 23:02:24 GMT" time="72.198" errors="0">
  <testcase name="f" time="72.198" classname="testNgpack.ArtofTestingOS"/>
</testsuite> <!-- testNgpack.ArtofTestingOS -->
