<?xml version="1.0" encoding="UTF-8"?>
<!-- Generated by org.testng.reporters.JUnitReportReporter -->
<testsuite skipped="0" hostname="DESKTOP-RU4DMU0" name="testNgpack.mgroups" tests="3" failures="0" timestamp="20 Jul 2020 22:34:21 GMT" time="0.029" errors="0">
  <testcase name="testSalutationMessage" time="0.005" classname="testNgpack.mgroups"/>
  <testcase name="testingExitMessage" time="0.001" classname="testNgpack.mgroups"/>
  <testcase name="testPrintMessage" time="0.023" classname="testNgpack.mgroups"/>
</testsuite> <!-- testNgpack.mgroups -->
