<?xml version="1.0" encoding="UTF-8"?>
<!-- Generated by org.testng.reporters.JUnitReportReporter -->
<testsuite skipped="0" hostname="DESKTOP-RU4DMU0" name="testNgpack.FreeCRMExcelDP" tests="4" failures="0" timestamp="24 Jul 2020 21:27:19 GMT" time="87.758" errors="0">
  <testcase name="f" time="20.931" classname="testNgpack.FreeCRMExcelDP"/>
  <testcase name="f" time="16.647" classname="testNgpack.FreeCRMExcelDP"/>
  <testcase name="f" time="20.928" classname="testNgpack.FreeCRMExcelDP"/>
  <testcase name="f" time="29.252" classname="testNgpack.FreeCRMExcelDP"/>
</testsuite> <!-- testNgpack.FreeCRMExcelDP -->
