<?xml version="1.0" encoding="UTF-8"?>
<!-- Generated by org.testng.reporters.JUnitReportReporter -->
<testsuite skipped="0" hostname="DESKTOP-RU4DMU0" name="testNgpack.Test1" tests="1" failures="0" timestamp="18 Jul 2020 12:07:20 GMT" time="0.007" errors="0">
  <testcase name="f" time="0.007" classname="testNgpack.Test1"/>
</testsuite> <!-- testNgpack.Test1 -->
