<?xml version="1.0" encoding="UTF-8"?>
<!-- Generated by org.testng.reporters.JUnitReportReporter -->
<testsuite skipped="0" hostname="DESKTOP-RU4DMU0" name="testNgpack.Testforedge" tests="1" failures="0" timestamp="03 Aug 2020 23:32:25 GMT" time="30.491" errors="0">
  <testcase name="f" time="30.491" classname="testNgpack.Testforedge"/>
</testsuite> <!-- testNgpack.Testforedge -->
