<?xml version="1.0" encoding="UTF-8"?>
<!-- Generated by org.testng.reporters.JUnitReportReporter -->
<testsuite skipped="0" hostname="DESKTOP-RU4DMU0" name="testNgpack.test3" tests="3" failures="0" timestamp="18 Jul 2020 12:07:20 GMT" time="0.014" errors="0">
  <testcase name="f2" time="0.008" classname="testNgpack.test3"/>
  <testcase name="f" time="0.002" classname="testNgpack.test3"/>
  <testcase name="f1" time="0.004" classname="testNgpack.test3"/>
</testsuite> <!-- testNgpack.test3 -->
